[debug] [2023-01-01T14:40:08.685Z] ----------------------------------------------------------------------
[debug] [2023-01-01T14:40:08.691Z] Command:       /usr/local/bin/node /usr/local/bin/firebase init
[debug] [2023-01-01T14:40:08.692Z] CLI Version:   11.19.0
[debug] [2023-01-01T14:40:08.692Z] Platform:      darwin
[debug] [2023-01-01T14:40:08.692Z] Node Version:  v19.3.0
[debug] [2023-01-01T14:40:08.692Z] Time:          Sun Jan 01 2023 23:40:08 GMT+0900 (日本標準時)
[debug] [2023-01-01T14:40:08.693Z] ----------------------------------------------------------------------
[debug] 
[debug] [2023-01-01T14:40:08.705Z] > command requires scopes: ["email","openid","https://www.googleapis.com/auth/cloudplatformprojects.readonly","https://www.googleapis.com/auth/firebase","https://www.googleapis.com/auth/cloud-platform"]
[debug] [2023-01-01T14:40:08.705Z] > authorizing via signed-in user (5938dai617@gmail.com)
[info] 
     ######## #### ########  ######## ########     ###     ######  ########
     ##        ##  ##     ## ##       ##     ##  ##   ##  ##       ##
     ######    ##  ########  ######   ########  #########  ######  ######
     ##        ##  ##    ##  ##       ##     ## ##     ##       ## ##
     ##       #### ##     ## ######## ########  ##     ##  ######  ########

You're about to initialize a Firebase project in this directory:

  /Users/daiki.kokusenya.lp/pyworks/97. study/趣味/front/stopwatch-v1

[info] 
=== Project Setup
[info] 
[info] First, let's associate this project directory with a Firebase project.
[info] You can create multiple project aliases by running firebase use --add, 
[info] but for now we'll just set up a default project.
[info] 
[info] i  If you want to create a project in a Google Cloud organization or folder, please use "firebase projects:create" instead, and return to this command when you've created the project. 
[debug] [2023-01-01T14:40:24.315Z] >>> [apiv2][query] POST https://cloudresourcemanager.googleapis.com/v1/projects [none]
[debug] [2023-01-01T14:40:24.315Z] >>> [apiv2][body] POST https://cloudresourcemanager.googleapis.com/v1/projects {"projectId":"stopwatch-v1","name":"stopwatch-v1"}
[debug] [2023-01-01T14:40:25.448Z] <<< [apiv2][status] POST https://cloudresourcemanager.googleapis.com/v1/projects 200
[debug] [2023-01-01T14:40:25.448Z] <<< [apiv2][body] POST https://cloudresourcemanager.googleapis.com/v1/projects {"name":"operations/cp.5814454153506115315"}
[debug] [2023-01-01T14:40:25.449Z] >>> [apiv2][query] GET https://cloudresourcemanager.googleapis.com/v1/operations/cp.5814454153506115315 [none]
[debug] [2023-01-01T14:40:26.390Z] <<< [apiv2][status] GET https://cloudresourcemanager.googleapis.com/v1/operations/cp.5814454153506115315 200
[debug] [2023-01-01T14:40:26.390Z] <<< [apiv2][body] GET https://cloudresourcemanager.googleapis.com/v1/operations/cp.5814454153506115315 {"name":"operations/cp.5814454153506115315","metadata":{"@type":"type.googleapis.com/google.cloudresourcemanager.v1.ProjectCreationStatus","ready":true},"done":true,"error":{"code":8,"message":"The project cannot be created because you have exceeded your allotted project quota.","details":[{"@type":"type.googleapis.com/google.rpc.QuotaFailure","violations":[{"description":"The project cannot be created because you have exceeded your allotted project quota."}]}]}}
[debug] [2023-01-01T14:40:26.496Z] FirebaseError: The project cannot be created because you have exceeded your allotted project quota.
    at OperationPoller.poll (/usr/local/lib/node_modules/firebase-tools/lib/operation-poller.js:24:19)
    at process.processTicksAndRejections (node:internal/process/task_queues:95:5)
    at async createCloudProject (/usr/local/lib/node_modules/firebase-tools/lib/management/projects.js:186:29)
    at async createFirebaseProjectAndLog (/usr/local/lib/node_modules/firebase-tools/lib/management/projects.js:45:9)
    at async promptAndCreateNewProject (/usr/local/lib/node_modules/firebase-tools/lib/init/features/project.js:32:12)
    at async doSetup (/usr/local/lib/node_modules/firebase-tools/lib/init/features/project.js:88:27)
    at async init (/usr/local/lib/node_modules/firebase-tools/lib/init/index.js:36:9)
[error] 
[error] Error: Failed to create project. See firebase-debug.log for more info.
